Flutter crash report.
Please report a bug at https://github.com/flutter/flutter/issues.

## command

flutter debug_adapter

## exception

RPCError: resume: (-32000) Bad state: The client is closed.

```
#0      new _OutstandingRequest (package:vm_service/src/vm_service.dart:1930:45)
#1      VmService._call (package:vm_service/src/vm_service.dart:2499:21)
#2      VmService.resume (package:vm_service/src/vm_service.dart:2374:7)
#3      IsolateManager.resumeThread (package:dds/src/dap/isolate_manager.dart:317:33)
#4      IsolateManager._handlePause (package:dds/src/dap/isolate_manager.dart:557:17)
#5      IsolateManager.handleEvent (package:dds/src/dap/isolate_manager.dart:203:13)
<asynchronous suspension>
#6      DartDebugAdapter.handleDebugEvent (package:dds/src/dap/adapters/dart.dart:2247:5)
<asynchronous suspension>
#7      DartDebugAdapter._withErrorHandling (package:dds/src/dap/adapters/dart.dart:2596:14)
<asynchronous suspension>
```

## flutter doctor

```
[✓] Flutter (Channel stable, 3.16.8, on Microsoft Windows [Version 10.0.19045.3930], locale en-US)
    • Flutter version 3.16.8 on channel stable at C:\new src\flutter
    • Upstream repository https://github.com/flutter/flutter.git
    • Framework revision 67457e669f (3 weeks ago), 2024-01-16 16:22:29 -0800
    • Engine revision 6e2ea58a5c
    • Dart version 3.2.5
    • DevTools version 2.28.5

[✓] Windows Version (Installed version of Windows is version 10 or higher)

[!] Android toolchain - develop for Android devices (Android SDK version 32.0.0)
    • Android SDK at C:\Users\user\AppData\Local\Android\sdk
    ✗ cmdline-tools component is missing
      Run `path/to/sdkmanager --install "cmdline-tools;latest"`
      See https://developer.android.com/studio/command-line for more details.
    ✗ Android license status unknown.
      Run `flutter doctor --android-licenses` to accept the SDK licenses.
      See https://flutter.dev/docs/get-started/install/windows#android-setup for more details.

[✓] Chrome - develop for the web
    • Chrome at C:\Program Files\Google\Chrome\Application\chrome.exe

[✗] Visual Studio - develop Windows apps
    ✗ Visual Studio not installed; this is necessary to develop Windows apps.
      Download at https://visualstudio.microsoft.com/downloads/.
      Please install the "Desktop development with C++" workload, including all of its default components

[✓] Android Studio (version 2021.1)
    • Android Studio at C:\Program Files\Android\Android Studio
    • Flutter plugin can be installed from:
      🔨 https://plugins.jetbrains.com/plugin/9212-flutter
    • Dart plugin can be installed from:
      🔨 https://plugins.jetbrains.com/plugin/6351-dart
    • Java version OpenJDK Runtime Environment (build 11.0.11+9-b60-7590822)

[✓] Android Studio (version 2023.1)
    • Android Studio at C:\Program Files\Android\Android Studio2
    • Flutter plugin can be installed from:
      🔨 https://plugins.jetbrains.com/plugin/9212-flutter
    • Dart plugin can be installed from:
      🔨 https://plugins.jetbrains.com/plugin/6351-dart
    • Java version OpenJDK Runtime Environment (build 17.0.7+0-b2043.56-10550314)

[✓] VS Code (version 1.86.0)
    • VS Code at C:\Users\user\AppData\Local\Programs\Microsoft VS Code
    • Flutter extension version 3.82.0

[✓] Connected device (4 available)
    • Infinix X608 (mobile) • bb00e063 • android-arm64  • Android 8.0.0 (API 26)
    • Windows (desktop)     • windows  • windows-x64    • Microsoft Windows [Version 10.0.19045.3930]
    • Chrome (web)          • chrome   • web-javascript • Google Chrome 121.0.6167.139
    • Edge (web)            • edge     • web-javascript • Microsoft Edge 121.0.2277.83

[✓] Network resources
    • All expected network resources are available.

! Doctor found issues in 2 categories.
```
